<?xml version="1.0" encoding="UTF-8"?>
<!-- Generated by org.testng.reporters.JUnitXMLReporter -->
<testsuite ignored="9" hostname="Nawazs-MacBook-Pro.local" failures="0" tests="1" name="Default test" time="52.916" errors="0" timestamp="2022-09-27T15:56:48 EDT">
  <testcase classname="com.timeit.testcases.IOS_Smoke" name="TC_0001" time="24.537"/>
  <testcase classname="com.timeit.testcases.IOS_Smoke" name="TC_0003" time="0.0">
    <ignored/>
  </testcase> <!-- TC_0003 -->
  <testcase classname="com.timeit.testcases.IOS_Smoke" name="TC_0004" time="0.0">
    <ignored/>
  </testcase> <!-- TC_0004 -->
  <testcase classname="com.timeit.testcases.IOS_Smoke" name="TC_0005" time="0.0">
    <ignored/>
  </testcase> <!-- TC_0005 -->
  <testcase classname="com.timeit.testcases.IOS_Smoke" name="TC_0006" time="0.0">
    <ignored/>
  </testcase> <!-- TC_0006 -->
  <testcase classname="com.timeit.testcases.IOS_Smoke" name="TC_0010" time="0.0">
    <ignored/>
  </testcase> <!-- TC_0010 -->
  <testcase classname="com.timeit.testcases.IOS_Smoke" name="TC_0002" time="0.0">
    <ignored/>
  </testcase> <!-- TC_0002 -->
  <testcase classname="com.timeit.testcases.IOS_Smoke" name="TC_0007" time="0.0">
    <ignored/>
  </testcase> <!-- TC_0007 -->
  <testcase classname="com.timeit.testcases.IOS_Smoke" name="TC_0008" time="0.0">
    <ignored/>
  </testcase> <!-- TC_0008 -->
  <testcase classname="com.timeit.testcases.IOS_Smoke" name="TC_0009" time="0.0">
    <ignored/>
  </testcase> <!-- TC_0009 -->
</testsuite> <!-- Default test -->
