<?xml version="1.0" encoding="UTF-8"?>
<!-- Generated by org.testng.reporters.JUnitXMLReporter -->
<testsuite ignored="1" hostname="NAWAZ-PC" failures="2" tests="2" name="Test" time="0.057" errors="0" timestamp="2022-08-03T12:07:26 EDT">
  <testcase classname="com.timeit.testcases.Smoke" name="TC_0001" time="0.008">
    <failure type="java.lang.NullPointerException" message="Cannot invoke &amp;quot;org.apache.log4j.Logger.info(Object)&amp;quot; because &amp;quot;com.timeit.testcases.Smoke.logger&amp;quot; is null">
      <![CDATA[java.lang.NullPointerException: Cannot invoke "org.apache.log4j.Logger.info(Object)" because "com.timeit.testcases.Smoke.logger" is null
at com.timeit.testcases.Smoke.TC_0001(Smoke.java:46)
at java.base/java.util.ArrayList.forEach(ArrayList.java:1511)
... Removed 27 stack frames]]>
    </failure>
  </testcase> <!-- TC_0001 -->
  <testcase classname="com.timeit.testcases.Smoke" name="TC_0002" time="0.001">
    <failure type="java.lang.NullPointerException" message="Cannot invoke &amp;quot;org.apache.log4j.Logger.info(Object)&amp;quot; because &amp;quot;com.timeit.testcases.Smoke.logger&amp;quot; is null">
      <![CDATA[java.lang.NullPointerException: Cannot invoke "org.apache.log4j.Logger.info(Object)" because "com.timeit.testcases.Smoke.logger" is null
at com.timeit.testcases.Smoke.TC_0002(Smoke.java:54)
at java.base/java.util.ArrayList.forEach(ArrayList.java:1511)
... Removed 27 stack frames]]>
    </failure>
  </testcase> <!-- TC_0002 -->
  <testcase classname="com.timeit.testcases.Smoke" name="TC_0003" time="0.0">
    <ignored/>
  </testcase> <!-- TC_0003 -->
</testsuite> <!-- Test -->
