<?xml version="1.0" encoding="UTF-8"?>
<testng-results ignored="9" total="10" passed="1" failed="0" skipped="0">
  <reporter-output>
  </reporter-output>
  <suite started-at="2022-09-27T15:55:55 EDT" name="Default suite" finished-at="2022-09-27T15:56:48 EDT" duration-ms="52916">
    <groups>
    </groups>
    <test started-at="2022-09-27T15:55:55 EDT" name="Default test" finished-at="2022-09-27T15:56:48 EDT" duration-ms="52916">
      <class name="com.timeit.testcases.IOS_Smoke">
        <test-method is-config="true" signature="setUp(java.lang.reflect.Method)[pri:0, instance:com.timeit.testcases.IOS_Smoke@4f49f6af]" started-at="2022-09-27T15:55:55 EDT" name="setUp" finished-at="2022-09-27T15:56:19 EDT" duration-ms="23942" status="PASS">
          <params>
            <param index="0">
              <value>
                <![CDATA[public void com.timeit.testcases.IOS_Smoke.TC_0001()]]>
              </value>
            </param>
          </params>
          <reporter-output>
          </reporter-output>
        </test-method> <!-- setUp -->
        <test-method signature="TC_0001()[pri:0, instance:com.timeit.testcases.IOS_Smoke@4f49f6af]" started-at="2022-09-27T15:56:19 EDT" name="TC_0001" finished-at="2022-09-27T15:56:44 EDT" duration-ms="24537" status="PASS">
          <reporter-output>
          </reporter-output>
        </test-method> <!-- TC_0001 -->
        <test-method is-config="true" signature="getResult(org.testng.ITestResult)[pri:0, instance:com.timeit.testcases.IOS_Smoke@4f49f6af]" started-at="2022-09-27T15:56:44 EDT" name="getResult" finished-at="2022-09-27T15:56:48 EDT" duration-ms="3842" status="PASS">
          <params>
            <param index="0">
              <value>
                <![CDATA[[TestResult name=TC_0001 status=SUCCESS method=IOS_Smoke.TC_0001()[pri:0, instance:com.timeit.testcases.IOS_Smoke@4f49f6af] output={null}]]]>
              </value>
            </param>
          </params>
          <reporter-output>
          </reporter-output>
        </test-method> <!-- getResult -->
        <test-method is-config="true" signature="tearDown()[pri:0, instance:com.timeit.testcases.IOS_Smoke@4f49f6af]" started-at="2022-09-27T15:56:48 EDT" name="tearDown" finished-at="2022-09-27T15:56:48 EDT" duration-ms="545" status="PASS">
          <reporter-output>
          </reporter-output>
        </test-method> <!-- tearDown -->
      </class> <!-- com.timeit.testcases.IOS_Smoke -->
    </test> <!-- Default test -->
  </suite> <!-- Default suite -->
</testng-results>
